<?xml version="1.0" encoding="UTF-8"?>
<!-- Generated by org.testng.reporters.JUnitReportReporter -->
<testsuite skipped="0" hostname="WKMIN2039941.global.publicisgroupe.net" name="runnerFiles.TestRunner" tests="1" failures="0" timestamp="25 Sep 2018 06:34:50 GMT" time="0.126" errors="0">
  <testcase name="feature" time="0.126" classname="runnerFiles.TestRunner"/>
</testsuite> <!-- runnerFiles.TestRunner -->
