<?xml version="1.0" encoding="UTF-8"?>
<!-- Generated by org.testng.reporters.JUnitReportReporter -->
<testsuite skipped="0" hostname="WKMIN2039941.global.publicisgroupe.net" name="runnerFiles.TestRunner" tests="1" failures="0" timestamp="27 Sep 2018 07:27:38 GMT" time="31.854" errors="0">
  <testcase name="feature" time="31.854" classname="runnerFiles.TestRunner"/>
</testsuite> <!-- runnerFiles.TestRunner -->
